\BOOKMARK [1][-]{section.1}{Expanded model}{}% 1
\BOOKMARK [2][-]{subsection.1.1}{H and collar connection angle}{section.1}% 2
\BOOKMARK [2][-]{subsection.1.2}{Problem statement}{section.1}% 3
\BOOKMARK [2][-]{subsection.1.3}{Connecting continuous surface with individual cell mechanics}{section.1}% 4
\BOOKMARK [2][-]{subsection.1.4}{Writing the energy}{section.1}% 5
\BOOKMARK [2][-]{subsection.1.5}{Varying the energy}{section.1}% 6
\BOOKMARK [1][-]{section.2}{Discrete surface model}{}% 7
\BOOKMARK [2][-]{subsection.2.1}{How to define the surface}{section.2}% 8
\BOOKMARK [2][-]{subsection.2.2}{Surface formed by collar boundaries}{section.2}% 9
\BOOKMARK [3][-]{subsubsection.2.2.1}{Stretching}{subsection.2.2}% 10
\BOOKMARK [3][-]{subsubsection.2.2.2}{Bending}{subsection.2.2}% 11
\BOOKMARK [2][-]{subsection.2.3}{Surface formed by cell bodies}{section.2}% 12
\BOOKMARK [1][-]{section.3}{Including both cells and collar boundaries}{}% 13
\BOOKMARK [2][-]{subsection.3.1}{Initial sheet}{section.3}% 14
\BOOKMARK [3][-]{subsubsection.3.1.1}{Why do boundary collar vertices matter?}{subsection.3.1}% 15
\BOOKMARK [3][-]{subsubsection.3.1.2}{Adding boundary collar vertices}{subsection.3.1}% 16
\BOOKMARK [2][-]{subsection.3.2}{Bending energies}{section.3}% 17
\BOOKMARK [3][-]{subsubsection.3.2.1}{Collar length}{subsection.3.2}% 18
\BOOKMARK [3][-]{subsubsection.3.2.2}{Cell-collar angle \040energy}{subsection.3.2}% 19
\BOOKMARK [3][-]{subsubsection.3.2.3}{Cell-cell junction angle \040energy}{subsection.3.2}% 20
\BOOKMARK [3][-]{subsubsection.3.2.4}{Flat sheet as a solution}{subsection.3.2}% 21
\BOOKMARK [2][-]{subsection.3.3}{Minimising sheet energy}{section.3}% 22
\BOOKMARK [3][-]{subsubsection.3.3.1}{Constant collar length constraint}{subsection.3.3}% 23
\BOOKMARK [2][-]{subsection.3.4}{Numerical optimisation routine}{section.3}% 24
\BOOKMARK [2][-]{subsection.3.5}{Topology}{section.3}% 25
\BOOKMARK [3][-]{subsubsection.3.5.1}{Adding noise to initial cell positions in Figure 8}{subsection.3.5}% 26
\BOOKMARK [3][-]{subsubsection.3.5.2}{Interior cell topology}{subsection.3.5}% 27
\BOOKMARK [2][-]{subsection.3.6}{Larger cell sheets}{section.3}% 28
\BOOKMARK [1][-]{section.4}{Varying the energy}{}% 29
